<?xml version="1.0" encoding="UTF-8" ?>
<testsuite errors="0" failures="0" hostname="Aperture" name="test.PostalRateCalculatorTest" skipped="0" tests="40" time="0.146" timestamp="2016-02-18T22:09:03">
  <properties>
    <property name="java.vendor" value="Oracle Corporation" />
    <property name="env.SYSTEMROOT" value="C:\WINDOWS" />
    <property name="env.USERDOMAIN_ROAMINGPROFILE" value="Aperture" />
    <property name="sun.java.launcher" value="SUN_STANDARD" />
    <property name="sun.management.compiler" value="HotSpot 64-Bit Tiered Compilers" />
    <property name="os.name" value="Windows 8.1" />
    <property name="env.FP_NO_HOST_CHECK" value="NO" />
    <property name="sun.boot.class.path" value="C:\Program Files\Java\jdk1.8.0_45\jre\lib\resources.jar;C:\Program Files\Java\jdk1.8.0_45\jre\lib\rt.jar;C:\Program Files\Java\jdk1.8.0_45\jre\lib\sunrsasign.jar;C:\Program Files\Java\jdk1.8.0_45\jre\lib\jsse.jar;C:\Program Files\Java\jdk1.8.0_45\jre\lib\jce.jar;C:\Program Files\Java\jdk1.8.0_45\jre\lib\charsets.jar;C:\Program Files\Java\jdk1.8.0_45\jre\lib\jfr.jar;C:\Program Files\Java\jdk1.8.0_45\jre\classes" />
    <property name="env.TMPDIR" value="C:\Users\DEMETR~1\AppData\Local\Temp" />
    <property name="env.COMPUTERNAME" value="APERTURE" />
    <property name="env.PWD" value="C:/Users/Demetrios/Documents/GitHub/ECSE428-TDDapp" />
    <property name="env.CommonProgramW6432" value="C:\Program Files\Common Files" />
    <property name="env.ALLUSERSPROFILE" value="C:\ProgramData" />
    <property name="sun.desktop" value="windows" />
    <property name="env.LANG" value="en_US.UTF-8" />
    <property name="java.vm.specification.vendor" value="Oracle Corporation" />
    <property name="ant.home" value="C:/Program Files/apache-ant-1.9.6" />
    <property name="java.runtime.version" value="1.8.0_45-b14" />
    <property name="env.HOMEPATH" value="\Users\Demetrios" />
    <property name="user.name" value="Demetrios" />
    <property name="env.SHELL" value="C:/Program Files/Git/usr/bin/bash" />
    <property name="env.MSYSTEM" value="MINGW64" />
    <property name="env.PATH" value="C:\Users\Demetrios\bin;C:\Program Files\Git\mingw64\bin;C:\Program Files\Git\usr\local\bin;C:\Program Files\Git\usr\bin;C:\Program Files\Git\usr\bin;C:\Program Files\Git\mingw64\bin;C:\Program Files\Git\usr\bin;C:\Program Files (x86)\Python35-32\Scripts;C:\Program Files (x86)\Python35-32;C:\Program Files\apache-ant-1.9.6\bin;C:\Program Files\mingw-w64\x86_64-5.1.0-win32-seh-rt_v4-rev0\mingw64\bin;C:\Program Files\Java\jdk1.8.0_45\bin;C:\ProgramData\Oracle\Java\javapath;C:\Python27;C:\WINDOWS\system32;C:\WINDOWS;C:\WINDOWS\System32\Wbem;C:\WINDOWS\System32\WindowsPowerShell\v1.0;C:\Program Files (x86)\Skype\Phone;C:\Program Files\Calibre2;C:\Program Files (x86)\AMD\ATI.ACE\Core-Static;C:\Program Files\Git\cmd;C:\WINDOWS\system32\config\systemprofile\.dnx\bin;C:\Program Files\Microsoft DNX\Dnvm;C:\Program Files (x86)\Microsoft SDKs\F#\4.0\Framework\v4.0;C:\Program Files\nodejs;C:\Users\Demetrios\AppData\Local\atom\bin;C:\Program Files (x86)\Microsoft VS Code\bin;C:\Users\Demetrios\AppData\Roaming\npm;C:\Program Files\Git\usr\bin\vendor_perl;C:\Program Files\Git\usr\bin\core_perl" />
    <property name="user.language" value="en" />
    <property name="env.EXEPATH" value="C:\Program Files\Git" />
    <property name="env.WINDIR" value="C:\WINDOWS" />
    <property name="ant.file.type.PostalRateCalculator" value="file" />
    <property name="sun.boot.library.path" value="C:\Program Files\Java\jdk1.8.0_45\jre\bin" />
    <property name="ant.project.default-target" value="compile" />
    <property name="srcdir" value="C:\Users\Demetrios\Documents\GitHub\ECSE428-TDDapp\src\discount" />
    <property name="ant.project.name" value="PostalRateCalculator" />
    <property name="java.version" value="1.8.0_45" />
    <property name="env.PROCESSOR_IDENTIFIER" value="Intel64 Family 6 Model 58 Stepping 9, GenuineIntel" />
    <property name="user.timezone" value="America/New_York" />
    <property name="env.TEMP" value="C:\Users\DEMETR~1\AppData\Local\Temp" />
    <property name="sun.arch.data.model" value="64" />
    <property name="libraries" value="lib" />
    <property name="java.endorsed.dirs" value="C:\Program Files\Java\jdk1.8.0_45\jre\lib\endorsed" />
    <property name="sun.cpu.isalist" value="amd64" />
    <property name="env.HOMEDRIVE" value="C:" />
    <property name="sun.jnu.encoding" value="Cp1252" />
    <property name="file.encoding.pkg" value="sun.io" />
    <property name="env.SHLVL" value="1" />
    <property name="env.SYSTEMDRIVE" value="C:" />
    <property name="file.separator" value="\" />
    <property name="env.HOSTNAME" value="Aperture" />
    <property name="java.specification.name" value="Java Platform API Specification" />
    <property name="java.class.version" value="52.0" />
    <property name="user.country" value="CA" />
    <property name="env.PRINTER" value="HP0ED78A (HP Officejet Pro 8610)" />
    <property name="java.home" value="C:\Program Files\Java\jdk1.8.0_45\jre" />
    <property name="env.PSModulePath" value="C:\WINDOWS\system32\WindowsPowerShell\v1.0\Modules\" />
    <property name="env.APPDATA" value="C:\Users\Demetrios\AppData\Roaming" />
    <property name="env.PUBLIC" value="C:\Users\Public" />
    <property name="java.vm.info" value="mixed mode" />
    <property name="env.OS" value="Windows_NT" />
    <property name="ant.file" value="C:\Users\Demetrios\Documents\GitHub\ECSE428-TDDapp\build.xml" />
    <property name="os.version" value="6.3" />
    <property name="env.ProgramW6432" value="C:\Program Files" />
    <property name="env.=::" value="::\" />
    <property name="path.separator" value=";" />
    <property name="env.ACLOCAL_PATH" value="C:\Program Files\Git\mingw64\share\aclocal;C:\Program Files\Git\usr\share\aclocal" />
    <property name="jardir" value="C:\Users\Demetrios\Documents\GitHub\ECSE428-TDDapp\bin/jar" />
    <property name="java.vm.version" value="25.45-b02" />
    <property name="user.variant" value="" />
    <property name="env.USERPROFILE" value="C:\Users\Demetrios" />
    <property name="ant.library.dir" value="C:/Program Files/apache-ant-1.9.6/lib" />
    <property name="junit.output.dir" value="junit" />
    <property name="java.awt.printerjob" value="sun.awt.windows.WPrinterJob" />
    <property name="env.TERM" value="xterm" />
    <property name="env.PROGRAMFILES" value="C:\Program Files" />
    <property name="env.FPS_BROWSER_USER_PROFILE_STRING" value="Default" />
    <property name="env.TMP" value="C:\Users\DEMETR~1\AppData\Local\Temp" />
    <property name="sun.io.unicode.encoding" value="UnicodeLittle" />
    <property name="awt.toolkit" value="sun.awt.windows.WToolkit" />
    <property name="env.MANPATH" value="C:\Program Files\Git\mingw64\share\man;C:\Program Files\Git\usr\local\man;C:\Program Files\Git\usr\share\man;C:\Program Files\Git\usr\man;C:\Program Files\Git\share\man" />
    <property name="user.script" value="" />
    <property name="user.home" value="C:\Users\Demetrios" />
    <property name="env.COMMONPROGRAMFILES" value="C:\Program Files\Common Files" />
    <property name="env.ProgramData" value="C:\ProgramData" />
    <property name="env.VS140COMNTOOLS" value="C:\Program Files (x86)\Microsoft Visual Studio 14.0\Common7\Tools\" />
    <property name="env.ProgramFiles(x86)" value="C:\Program Files (x86)" />
    <property name="env.SESSIONNAME" value="Console" />
    <property name="java.specification.vendor" value="Oracle Corporation" />
    <property name="classdir" value="C:\Users\Demetrios\Documents\GitHub\ECSE428-TDDapp\bin" />
    <property name="java.vendor.url" value="http://java.oracle.com/" />
    <property name="java.library.path" value="C:\Program Files\Java\jdk1.8.0_45\jre\bin;C:\WINDOWS\Sun\Java\bin;C:\WINDOWS\system32;C:\WINDOWS;C:\Users\Demetrios\bin;C:\Program Files\Git\mingw64\bin;C:\Program Files\Git\usr\local\bin;C:\Program Files\Git\usr\bin;C:\Program Files\Git\usr\bin;C:\Program Files\Git\mingw64\bin;C:\Program Files\Git\usr\bin;C:\Program Files (x86)\Python35-32\Scripts;C:\Program Files (x86)\Python35-32;C:\Program Files\apache-ant-1.9.6\bin;C:\Program Files\mingw-w64\x86_64-5.1.0-win32-seh-rt_v4-rev0\mingw64\bin;C:\Program Files\Java\jdk1.8.0_45\bin;C:\ProgramData\Oracle\Java\javapath;C:\Python27;C:\WINDOWS\system32;C:\WINDOWS;C:\WINDOWS\System32\Wbem;C:\WINDOWS\System32\WindowsPowerShell\v1.0;C:\Program Files (x86)\Skype\Phone;C:\Program Files\Calibre2;C:\Program Files (x86)\AMD\ATI.ACE\Core-Static;C:\Program Files\Git\cmd;C:\WINDOWS\system32\config\systemprofile\.dnx\bin;C:\Program Files\Microsoft DNX\Dnvm;C:\Program Files (x86)\Microsoft SDKs\F#\4.0\Framework\v4.0;C:\Program Files\nodejs;C:\Users\Demetrios\AppData\Local\atom\bin;C:\Program Files (x86)\Microsoft VS Code\bin;C:\Users\Demetrios\AppData\Roaming\npm;C:\Program Files\Git\usr\bin\vendor_perl;C:\Program Files\Git\usr\bin\core_perl;." />
    <property name="env.NUMBER_OF_PROCESSORS" value="4" />
    <property name="java.vm.vendor" value="Oracle Corporation" />
    <property name="java.runtime.name" value="Java(TM) SE Runtime Environment" />
    <property name="java.class.path" value="C:\Users\Demetrios\Documents\GitHub\ECSE428-TDDapp\bin;C:\Users\Demetrios\Documents\GitHub\ECSE428-TDDapp\lib\org.junit_4.11.0.v201303080030\junit.jar;C:\Users\Demetrios\Documents\GitHub\ECSE428-TDDapp\lib\org.hamcrest.core_1.3.0.v201303031735.jar;C:\Program Files\apache-ant-1.9.6\lib\ant-launcher.jar;C:\Program Files\apache-ant-1.9.6\lib\ant.jar;C:\Program Files\apache-ant-1.9.6\lib\ant-junit.jar;C:\Program Files\apache-ant-1.9.6\lib\ant-junit4.jar" />
    <property name="sun.java.command" value="org.apache.tools.ant.taskdefs.optional.junit.JUnitTestRunner test.PostalRateCalculatorTest skipNonTests=false filtertrace=true haltOnError=false haltOnFailure=false formatter=org.apache.tools.ant.taskdefs.optional.junit.OutErrSummaryJUnitResultFormatter showoutput=false outputtoformatters=true logfailedtests=true threadid=0 logtestlistenerevents=false formatter=org.apache.tools.ant.taskdefs.optional.junit.XMLJUnitResultFormatter,C:\Users\Demetrios\Documents\GitHub\ECSE428-TDDapp\junit\TEST-test.PostalRateCalculatorTest.xml crashfile=C:\Users\Demetrios\Documents\GitHub\ECSE428-TDDapp\junitvmwatcher1433424314515096520.properties propsfile=C:\Users\Demetrios\Documents\GitHub\ECSE428-TDDapp\junit7823455746999144230.properties" />
    <property name="ant.version" value="Apache Ant(TM) version 1.9.6 compiled on June 29 2015" />
    <property name="java.vm.specification.name" value="Java Virtual Machine Specification" />
    <property name="ant.file.type" value="file" />
    <property name="env.LOGONSERVER" value="\\APERTURE" />
    <property name="java.vm.specification.version" value="1.8" />
    <property name="env.PROCESSOR_ARCHITECTURE" value="AMD64" />
    <property name="sun.os.patch.level" value="" />
    <property name="sun.cpu.endian" value="little" />
    <property name="env.HOME" value="C:\Users\Demetrios" />
    <property name="java.io.tmpdir" value="C:\Users\DEMETR~1\AppData\Local\Temp\" />
    <property name="env.PROCESSOR_REVISION" value="3a09" />
    <property name="env.CommonProgramFiles(x86)" value="C:\Program Files (x86)\Common Files" />
    <property name="java.vendor.url.bug" value="http://bugreport.sun.com/bugreport/" />
    <property name="blddir" value="C:\Users\Demetrios\Documents\GitHub\ECSE428-TDDapp\bin" />
    <property name="env.COMSPEC" value="C:\WINDOWS\system32\cmd.exe" />
    <property name="env.FPS_BROWSER_APP_PROFILE_STRING" value="Internet Explorer" />
    <property name="os.arch" value="amd64" />
    <property name="java.awt.graphicsenv" value="sun.awt.Win32GraphicsEnvironment" />
    <property name="env.PLINK_PROTOCOL" value="ssh" />
    <property name="java.ext.dirs" value="C:\Program Files\Java\jdk1.8.0_45\jre\lib\ext;C:\WINDOWS\Sun\Java\lib\ext" />
    <property name="user.dir" value="C:\Users\Demetrios\Documents\GitHub\ECSE428-TDDapp" />
    <property name="env.LOCALAPPDATA" value="C:\Users\Demetrios\AppData\Local" />
    <property name="env.INFOPATH" value="C:\Program Files\Git\usr\local\info;C:\Program Files\Git\usr\share\info;C:\Program Files\Git\usr\info;C:\Program Files\Git\share\info" />
    <property name="line.separator" value="&#xd;&#xa;" />
    <property name="java.vm.name" value="Java HotSpot(TM) 64-Bit Server VM" />
    <property name="env.PATHEXT" value=".COM;.EXE;.BAT;.CMD;.VBS;.VBE;.JS;.JSE;.WSF;.WSH;.MSC;.PY;.PYW" />
    <property name="basedir" value="C:\Users\Demetrios\Documents\GitHub\ECSE428-TDDapp" />
    <property name="ant.java.version" value="1.8" />
    <property name="ant.core.lib" value="C:\Program Files\apache-ant-1.9.6\lib\ant.jar" />
    <property name="env.USERNAME" value="Demetrios" />
    <property name="file.encoding" value="Cp1252" />
    <property name="env.PKG_CONFIG_PATH" value="C:\Program Files\Git\mingw64\lib\pkgconfig;C:\Program Files\Git\mingw64\share\pkgconfig" />
    <property name="env.USERDOMAIN" value="Aperture" />
    <property name="java.specification.version" value="1.8" />
    <property name="ant.file.PostalRateCalculator" value="C:\Users\Demetrios\Documents\GitHub\ECSE428-TDDapp\build.xml" />
    <property name="ant.project.invoked-targets" value="test" />
    <property name="env.PROCESSOR_LEVEL" value="6" />
  </properties>
  <testcase classname="test.PostalRateCalculatorTest" name="Test3ia1" time="0.002" />
  <testcase classname="test.PostalRateCalculatorTest" name="Test3ia2" time="0.0" />
  <testcase classname="test.PostalRateCalculatorTest" name="Test3ia3" time="0.0" />
  <testcase classname="test.PostalRateCalculatorTest" name="Test3ib1" time="0.0" />
  <testcase classname="test.PostalRateCalculatorTest" name="Test3ib2" time="0.0" />
  <testcase classname="test.PostalRateCalculatorTest" name="Test3ib3" time="0.0" />
  <testcase classname="test.PostalRateCalculatorTest" name="Test4ia1" time="0.0" />
  <testcase classname="test.PostalRateCalculatorTest" name="Test4ia2" time="0.0" />
  <testcase classname="test.PostalRateCalculatorTest" name="Test4ib1" time="0.0" />
  <testcase classname="test.PostalRateCalculatorTest" name="Test4ib2" time="0.0" />
  <testcase classname="test.PostalRateCalculatorTest" name="Test5ia1" time="0.0" />
  <testcase classname="test.PostalRateCalculatorTest" name="Test5ia2" time="0.0" />
  <testcase classname="test.PostalRateCalculatorTest" name="Test5ib1" time="0.0" />
  <testcase classname="test.PostalRateCalculatorTest" name="Test5ib2" time="0.0" />
  <testcase classname="test.PostalRateCalculatorTest" name="Test1" time="0.0" />
  <testcase classname="test.PostalRateCalculatorTest" name="Test2" time="0.0" />
  <testcase classname="test.PostalRateCalculatorTest" name="Test6" time="0.0" />
  <testcase classname="test.PostalRateCalculatorTest" name="Test7" time="0.0" />
  <testcase classname="test.PostalRateCalculatorTest" name="Test3iia1" time="0.001" />
  <testcase classname="test.PostalRateCalculatorTest" name="Test3iia2" time="0.0" />
  <testcase classname="test.PostalRateCalculatorTest" name="Test3iib1" time="0.0" />
  <testcase classname="test.PostalRateCalculatorTest" name="Test3iib2" time="0.0" />
  <testcase classname="test.PostalRateCalculatorTest" name="Test3iic1" time="0.0" />
  <testcase classname="test.PostalRateCalculatorTest" name="Test3iic2" time="0.0" />
  <testcase classname="test.PostalRateCalculatorTest" name="Test3iid1" time="0.0" />
  <testcase classname="test.PostalRateCalculatorTest" name="Test3iid2" time="0.001" />
  <testcase classname="test.PostalRateCalculatorTest" name="Test3iie1" time="0.0" />
  <testcase classname="test.PostalRateCalculatorTest" name="Test3iie2" time="0.0" />
  <testcase classname="test.PostalRateCalculatorTest" name="Test4iia1" time="0.0" />
  <testcase classname="test.PostalRateCalculatorTest" name="Test4iia2" time="0.0" />
  <testcase classname="test.PostalRateCalculatorTest" name="Test4iib1" time="0.0" />
  <testcase classname="test.PostalRateCalculatorTest" name="Test4iib2" time="0.0" />
  <testcase classname="test.PostalRateCalculatorTest" name="Test4iic1" time="0.0" />
  <testcase classname="test.PostalRateCalculatorTest" name="Test4iic2" time="0.001" />
  <testcase classname="test.PostalRateCalculatorTest" name="Test5iia1" time="0.0" />
  <testcase classname="test.PostalRateCalculatorTest" name="Test5iia2" time="0.0" />
  <testcase classname="test.PostalRateCalculatorTest" name="Test5iib1" time="0.001" />
  <testcase classname="test.PostalRateCalculatorTest" name="Test5iib2" time="0.0" />
  <testcase classname="test.PostalRateCalculatorTest" name="Test5iic1" time="0.0" />
  <testcase classname="test.PostalRateCalculatorTest" name="Test5iic2" time="0.0" />
  <system-out><![CDATA[]]></system-out>
  <system-err><![CDATA[]]></system-err>
</testsuite>
